<?xml version="1.0" encoding="UTF-8"?>
<!-- Generated by org.testng.reporters.JUnitXMLReporter -->
<testsuite ignored="0" hostname="minddec224" failures="0" tests="5" name="Test1" time="6.518" errors="0" timestamp="2022-03-26T10:54:06 GMT+05:30">
  <testcase classname="runner.Wallet" name="setUp" time="0.008"/>
  <testcase classname="runner.Wallet" name="openNoDroker" time="1.815"/>
  <testcase classname="runner.Wallet" name="openMenu" time="0.234"/>
  <testcase classname="runner.Wallet" name="openWallet" time="1.037"/>
  <testcase classname="runner.Wallet" name="joinClub" time="0.424"/>
</testsuite> <!-- Test1 -->
