<?xml version="1.0" encoding="UTF-8"?>
<!-- Generated by org.testng.reporters.JUnitXMLReporter -->
<testsuite ignored="0" hostname="minddec224" failures="0" tests="8" name="Test6" time="10.157" errors="0" timestamp="2022-03-26T11:01:37 GMT+05:30">
  <testcase classname="runner.CommercialPropertyMap" name="setUp" time="0.001"/>
  <testcase classname="runner.CommercialPropertyMap" name="openNoDroker" time="1.454"/>
  <testcase classname="runner.CommercialPropertyMap" name="selectSearchType" time="0.72"/>
  <testcase classname="runner.CommercialPropertyMap" name="selectCity" time="0.627"/>
  <testcase classname="runner.CommercialPropertyMap" name="selectCommercialPropertyType" time="0.175"/>
  <testcase classname="runner.CommercialPropertyMap" name="optionFromDropDown" time="0.378"/>
  <testcase classname="runner.CommercialPropertyMap" name="selectLocalityAndSearch" time="1.363"/>
  <testcase classname="runner.CommercialPropertyMap" name="swithMapAndZoom" time="3.741"/>
</testsuite> <!-- Test6 -->
