<?xml version="1.0" encoding="UTF-8"?>
<!-- Generated by org.testng.reporters.JUnitXMLReporter -->
<testsuite ignored="0" hostname="minddec224" failures="0" tests="8" name="Test1" time="13.45" errors="0" timestamp="2022-03-26T19:20:51 GMT+05:30">
  <testcase classname="runner.BuyPropertyArticle" name="setUp" time="0.024"/>
  <testcase classname="runner.BuyPropertyArticle" name="openNoDroker" time="3.253"/>
  <testcase classname="runner.BuyPropertyArticle" name="selectSearchType" time="0.639"/>
  <testcase classname="runner.BuyPropertyArticle" name="selectCity" time="0.307"/>
  <testcase classname="runner.BuyPropertyArticle" name="optionFromDropDown" time="0.818"/>
  <testcase classname="runner.BuyPropertyArticle" name="selectLocalityAndSearch" time="2.209"/>
  <testcase classname="runner.BuyPropertyArticle" name="clickArticle" time="1.205"/>
  <testcase classname="runner.BuyPropertyArticle" name="seePhotos" time="1.518"/>
</testsuite> <!-- Test1 -->
