<?xml version="1.0" encoding="UTF-8"?>
<!-- Generated by org.testng.reporters.JUnitXMLReporter -->
<testsuite ignored="0" hostname="minddec224" failures="0" tests="9" name="Test5" time="9.804" errors="0" timestamp="2022-03-26T19:47:00 GMT+05:30">
  <testcase classname="runner.CommercialPropertyArticle" name="setUp" time="0.0"/>
  <testcase classname="runner.CommercialPropertyArticle" name="openNoDroker" time="1.689"/>
  <testcase classname="runner.CommercialPropertyArticle" name="selectSearchType" time="0.624"/>
  <testcase classname="runner.CommercialPropertyArticle" name="selectCity" time="0.4"/>
  <testcase classname="runner.CommercialPropertyArticle" name="selectCommercialPropertyType" time="0.114"/>
  <testcase classname="runner.CommercialPropertyArticle" name="optionFromDropDown" time="0.382"/>
  <testcase classname="runner.CommercialPropertyArticle" name="selectLocalityAndSearch" time="2.067"/>
  <testcase classname="runner.CommercialPropertyArticle" name="clickArticle" time="1.589"/>
  <testcase classname="runner.CommercialPropertyArticle" name="seePhotos" time="1.364"/>
</testsuite> <!-- Test5 -->
