<?xml version="1.0" encoding="UTF-8"?>
<!-- Generated by org.testng.reporters.JUnitXMLReporter -->
<testsuite ignored="0" hostname="minddec224" failures="0" tests="9" name="Test5" time="10.658" errors="0" timestamp="2022-03-27T12:28:04 GMT+05:30">
  <testcase classname="runner.CommercialPropertyArticle" name="setUp" time="0.0"/>
  <testcase classname="runner.CommercialPropertyArticle" name="openNoDroker" time="1.59"/>
  <testcase classname="runner.CommercialPropertyArticle" name="selectSearchType" time="0.694"/>
  <testcase classname="runner.CommercialPropertyArticle" name="selectCity" time="0.518"/>
  <testcase classname="runner.CommercialPropertyArticle" name="selectCommercialPropertyType" time="0.115"/>
  <testcase classname="runner.CommercialPropertyArticle" name="optionFromDropDown" time="0.453"/>
  <testcase classname="runner.CommercialPropertyArticle" name="selectLocalityAndSearch" time="1.943"/>
  <testcase classname="runner.CommercialPropertyArticle" name="clickArticle" time="1.721"/>
  <testcase classname="runner.CommercialPropertyArticle" name="seePhotos" time="1.847"/>
</testsuite> <!-- Test5 -->
