<?xml version="1.0" encoding="UTF-8"?>
<!-- Generated by org.testng.reporters.JUnitXMLReporter -->
<testsuite ignored="0" hostname="minddec224" failures="0" tests="8" name="Test6" time="10.048" errors="0" timestamp="2022-03-26T19:21:45 GMT+05:30">
  <testcase classname="runner.CommercialPropertyMap" name="setUp" time="0.001"/>
  <testcase classname="runner.CommercialPropertyMap" name="openNoDroker" time="1.489"/>
  <testcase classname="runner.CommercialPropertyMap" name="selectSearchType" time="0.594"/>
  <testcase classname="runner.CommercialPropertyMap" name="selectCity" time="0.797"/>
  <testcase classname="runner.CommercialPropertyMap" name="selectCommercialPropertyType" time="0.119"/>
  <testcase classname="runner.CommercialPropertyMap" name="optionFromDropDown" time="0.324"/>
  <testcase classname="runner.CommercialPropertyMap" name="selectLocalityAndSearch" time="2.123"/>
  <testcase classname="runner.CommercialPropertyMap" name="swithMapAndZoom" time="2.938"/>
</testsuite> <!-- Test6 -->
