<?xml version="1.0" encoding="UTF-8"?>
<!-- Generated by org.testng.reporters.JUnitXMLReporter -->
<testsuite ignored="0" hostname="minddec224" failures="0" tests="4" name="Test8" time="6.623" errors="0" timestamp="2022-03-27T12:28:26 GMT+05:30">
  <testcase classname="runner.AboutUs" name="setUp" time="0.001"/>
  <testcase classname="runner.AboutUs" name="openNoDroker" time="1.698"/>
  <testcase classname="runner.AboutUs" name="clickAboutUs" time="1.193"/>
  <testcase classname="runner.AboutUs" name="OpenHomeLoan" time="2.227"/>
</testsuite> <!-- Test8 -->
