<?xml version="1.0" encoding="UTF-8"?>
<!-- Generated by org.testng.reporters.JUnitXMLReporter -->
<testsuite ignored="0" hostname="minddec224" failures="0" tests="7" name="Test7" time="6.184" errors="0" timestamp="2022-03-26T19:47:17 GMT+05:30">
  <testcase classname="runner.EmiCalculator" name="setUp" time="0.001"/>
  <testcase classname="runner.EmiCalculator" name="openNoDroker" time="1.922"/>
  <testcase classname="runner.EmiCalculator" name="emiFooterLink" time="1.966"/>
  <testcase classname="runner.EmiCalculator" name="loanAmount" time="0.206"/>
  <testcase classname="runner.EmiCalculator" name="rateOfInterest" time="0.158"/>
  <testcase classname="runner.EmiCalculator" name="loanTenure" time="0.157"/>
  <testcase classname="runner.EmiCalculator" name="output" time="0.207"/>
</testsuite> <!-- Test7 -->
