<?xml version="1.0" encoding="UTF-8"?>
<!-- Generated by org.testng.reporters.JUnitXMLReporter -->
<testsuite ignored="0" hostname="minddec224" failures="0" tests="5" name="Test9" time="4.662" errors="0" timestamp="2022-03-27T12:28:31 GMT+05:30">
  <testcase classname="runner.Wallet" name="setUp" time="0.002"/>
  <testcase classname="runner.Wallet" name="openNoDroker" time="1.55"/>
  <testcase classname="runner.Wallet" name="openMenu" time="0.17"/>
  <testcase classname="runner.Wallet" name="openWallet" time="1.073"/>
  <testcase classname="runner.Wallet" name="joinClub" time="0.401"/>
</testsuite> <!-- Test9 -->
