<?xml version="1.0" encoding="UTF-8"?>
<!-- Generated by org.testng.reporters.JUnitXMLReporter -->
<testsuite ignored="0" hostname="minddec224" failures="0" tests="8" name="Test3" time="10.927" errors="0" timestamp="2022-03-26T19:46:40 GMT+05:30">
  <testcase classname="runner.RentMap" name="setUp" time="0.001"/>
  <testcase classname="runner.RentMap" name="openNoDroker" time="1.611"/>
  <testcase classname="runner.RentMap" name="selectSearchType" time="0.655"/>
  <testcase classname="runner.RentMap" name="selectCity" time="0.357"/>
  <testcase classname="runner.RentMap" name="selectRentPropertyType" time="0.103"/>
  <testcase classname="runner.RentMap" name="optionFromDropDown" time="0.591"/>
  <testcase classname="runner.RentMap" name="selectLocalityAndSearch" time="1.843"/>
  <testcase classname="runner.RentMap" name="swithMapAndZoom" time="4.094"/>
</testsuite> <!-- Test3 -->
