<?xml version="1.0" encoding="UTF-8"?>
<!-- Generated by org.testng.reporters.JUnitXMLReporter -->
<testsuite ignored="0" hostname="minddec224" failures="0" tests="8" name="Test3" time="11.239" errors="0" timestamp="2022-03-27T12:27:43 GMT+05:30">
  <testcase classname="runner.RentMap" name="setUp" time="0.0"/>
  <testcase classname="runner.RentMap" name="openNoDroker" time="1.581"/>
  <testcase classname="runner.RentMap" name="selectSearchType" time="0.76"/>
  <testcase classname="runner.RentMap" name="selectCity" time="0.413"/>
  <testcase classname="runner.RentMap" name="selectRentPropertyType" time="0.197"/>
  <testcase classname="runner.RentMap" name="optionFromDropDown" time="0.605"/>
  <testcase classname="runner.RentMap" name="selectLocalityAndSearch" time="2.697"/>
  <testcase classname="runner.RentMap" name="swithMapAndZoom" time="3.266"/>
</testsuite> <!-- Test3 -->
