<?xml version="1.0" encoding="UTF-8"?>
<!-- Generated by org.testng.reporters.JUnitXMLReporter -->
<testsuite ignored="0" hostname="minddec224" failures="0" tests="4" name="Test8" time="6.383" errors="0" timestamp="2022-03-26T19:21:58 GMT+05:30">
  <testcase classname="runner.AboutUs" name="setUp" time="0.001"/>
  <testcase classname="runner.AboutUs" name="openNoDroker" time="1.469"/>
  <testcase classname="runner.AboutUs" name="clickAboutUs" time="1.23"/>
  <testcase classname="runner.AboutUs" name="OpenHomeLoan" time="2.212"/>
</testsuite> <!-- Test8 -->
