<?xml version="1.0" encoding="UTF-8"?>
<!-- Generated by org.testng.reporters.JUnitXMLReporter -->
<testsuite ignored="0" hostname="minddec224" failures="0" tests="5" name="Test10" time="7.246" errors="0" timestamp="2022-03-26T11:02:03 GMT+05:30">
  <testcase classname="runner.Interior" name="setUp" time="0.01"/>
  <testcase classname="runner.Interior" name="openNoDroker" time="1.61"/>
  <testcase classname="runner.Interior" name="openMenu" time="0.166"/>
  <testcase classname="runner.Interior" name="openInterior" time="2.332"/>
  <testcase classname="runner.Interior" name="seeRoomPhotos" time="1.568"/>
</testsuite> <!-- Test10 -->
