<?xml version="1.0" encoding="UTF-8"?>
<!-- Generated by org.testng.reporters.JUnitXMLReporter -->
<testsuite ignored="0" hostname="minddec224" failures="0" tests="5" name="Test11" time="5.807" errors="0" timestamp="2022-03-27T12:28:43 GMT+05:30">
  <testcase classname="runner.ValidLogin" name="setUp" time="0.0"/>
  <testcase classname="runner.ValidLogin" name="openNoDroker" time="1.475"/>
  <testcase classname="runner.ValidLogin" name="clickLogin" time="0.54"/>
  <testcase classname="runner.ValidLogin" name="enterNumber" time="1.062"/>
  <testcase classname="runner.ValidLogin" name="enterPassAndLogin" time="1.098"/>
</testsuite> <!-- Test11 -->
