<?xml version="1.0" encoding="UTF-8"?>
<!-- Generated by org.testng.reporters.JUnitXMLReporter -->
<testsuite ignored="0" hostname="minddec224" failures="0" tests="7" name="Test2" time="10.629" errors="0" timestamp="2022-03-27T12:27:31 GMT+05:30">
  <testcase classname="runner.BuyPropertyMap" name="setUp" time="0.002"/>
  <testcase classname="runner.BuyPropertyMap" name="openNoDroker" time="1.928"/>
  <testcase classname="runner.BuyPropertyMap" name="selectSearchType" time="0.551"/>
  <testcase classname="runner.BuyPropertyMap" name="selectCity" time="0.523"/>
  <testcase classname="runner.BuyPropertyMap" name="optionFromDropDown" time="0.695"/>
  <testcase classname="runner.BuyPropertyMap" name="selectLocalityAndSearch" time="1.872"/>
  <testcase classname="runner.BuyPropertyMap" name="swithMapAndZoom" time="3.118"/>
</testsuite> <!-- Test2 -->
