<?xml version="1.0" encoding="UTF-8"?>
<!-- Generated by org.testng.reporters.JUnitXMLReporter -->
<testsuite ignored="0" hostname="minddec224" failures="0" tests="9" name="Test4" time="10.271" errors="0" timestamp="2022-03-26T11:01:16 GMT+05:30">
  <testcase classname="runner.RentArticle" name="setUp" time="0.0"/>
  <testcase classname="runner.RentArticle" name="openNoDroker" time="1.463"/>
  <testcase classname="runner.RentArticle" name="selectSearchType" time="0.745"/>
  <testcase classname="runner.RentArticle" name="selectCity" time="0.766"/>
  <testcase classname="runner.RentArticle" name="selectRentPropertyType" time="0.215"/>
  <testcase classname="runner.RentArticle" name="optionFromDropDown" time="0.537"/>
  <testcase classname="runner.RentArticle" name="selectLocalityAndSearch" time="2.7"/>
  <testcase classname="runner.RentArticle" name="clickArticle" time="1.171"/>
  <testcase classname="runner.RentArticle" name="seePhotos" time="1.072"/>
</testsuite> <!-- Test4 -->
