<?xml version="1.0" encoding="UTF-8"?>
<!-- Generated by org.testng.reporters.JUnitXMLReporter -->
<testsuite ignored="0" hostname="minddec224" failures="0" tests="5" name="Test10" time="7.88" errors="0" timestamp="2022-03-26T19:22:11 GMT+05:30">
  <testcase classname="runner.Interior" name="setUp" time="0.001"/>
  <testcase classname="runner.Interior" name="openNoDroker" time="1.476"/>
  <testcase classname="runner.Interior" name="openMenu" time="0.196"/>
  <testcase classname="runner.Interior" name="openInterior" time="2.036"/>
  <testcase classname="runner.Interior" name="seeRoomPhotos" time="1.714"/>
</testsuite> <!-- Test10 -->
