<?xml version="1.0" encoding="UTF-8"?>
<!-- Generated by org.testng.reporters.JUnitXMLReporter -->
<testsuite ignored="0" hostname="minddec224" failures="0" tests="7" name="Test2" time="8.869" errors="0" timestamp="2022-03-26T19:46:29 GMT+05:30">
  <testcase classname="runner.BuyPropertyMap" name="setUp" time="0.001"/>
  <testcase classname="runner.BuyPropertyMap" name="openNoDroker" time="1.647"/>
  <testcase classname="runner.BuyPropertyMap" name="selectSearchType" time="0.634"/>
  <testcase classname="runner.BuyPropertyMap" name="selectCity" time="0.286"/>
  <testcase classname="runner.BuyPropertyMap" name="optionFromDropDown" time="0.615"/>
  <testcase classname="runner.BuyPropertyMap" name="selectLocalityAndSearch" time="1.503"/>
  <testcase classname="runner.BuyPropertyMap" name="swithMapAndZoom" time="2.483"/>
</testsuite> <!-- Test2 -->
