<?xml version="1.0" encoding="UTF-8"?>
<!-- Generated by org.testng.reporters.JUnitXMLReporter -->
<testsuite ignored="0" hostname="minddec224" failures="0" tests="9" name="Test4" time="10.426" errors="0" timestamp="2022-03-27T12:27:53 GMT+05:30">
  <testcase classname="runner.RentArticle" name="setUp" time="0.0"/>
  <testcase classname="runner.RentArticle" name="openNoDroker" time="1.387"/>
  <testcase classname="runner.RentArticle" name="selectSearchType" time="0.697"/>
  <testcase classname="runner.RentArticle" name="selectCity" time="0.455"/>
  <testcase classname="runner.RentArticle" name="selectRentPropertyType" time="0.123"/>
  <testcase classname="runner.RentArticle" name="optionFromDropDown" time="0.711"/>
  <testcase classname="runner.RentArticle" name="selectLocalityAndSearch" time="2.554"/>
  <testcase classname="runner.RentArticle" name="clickArticle" time="1.912"/>
  <testcase classname="runner.RentArticle" name="seePhotos" time="1.044"/>
</testsuite> <!-- Test4 -->
