<?xml version="1.0" encoding="UTF-8"?>
<!-- Generated by org.testng.reporters.JUnitXMLReporter -->
<testsuite ignored="0" hostname="minddec224" failures="0" tests="5" name="Test12" time="5.59" errors="0" timestamp="2022-03-27T12:28:49 GMT+05:30">
  <testcase classname="runner.InvalidLogin" name="setUp" time="0.0"/>
  <testcase classname="runner.InvalidLogin" name="openNoDroker" time="1.482"/>
  <testcase classname="runner.InvalidLogin" name="clickLogin" time="0.702"/>
  <testcase classname="runner.InvalidLogin" name="enterNumber" time="0.924"/>
  <testcase classname="runner.InvalidLogin" name="enterPassAndLogin" time="0.917"/>
</testsuite> <!-- Test12 -->
