<?xml version="1.0" encoding="UTF-8"?>
<!-- Generated by org.testng.reporters.JUnitXMLReporter -->
<testsuite ignored="0" hostname="minddec224" failures="0" tests="8" name="Test1" time="12.528" errors="0" timestamp="2022-03-26T19:46:20 GMT+05:30">
  <testcase classname="runner.BuyPropertyArticle" name="setUp" time="0.009"/>
  <testcase classname="runner.BuyPropertyArticle" name="openNoDroker" time="3.122"/>
  <testcase classname="runner.BuyPropertyArticle" name="selectSearchType" time="0.614"/>
  <testcase classname="runner.BuyPropertyArticle" name="selectCity" time="0.313"/>
  <testcase classname="runner.BuyPropertyArticle" name="optionFromDropDown" time="0.668"/>
  <testcase classname="runner.BuyPropertyArticle" name="selectLocalityAndSearch" time="1.683"/>
  <testcase classname="runner.BuyPropertyArticle" name="clickArticle" time="1.765"/>
  <testcase classname="runner.BuyPropertyArticle" name="seePhotos" time="1.21"/>
</testsuite> <!-- Test1 -->
