<?xml version="1.0" encoding="UTF-8"?>
<!-- Generated by org.testng.reporters.JUnitXMLReporter -->
<testsuite ignored="0" hostname="minddec224" failures="0" tests="7" name="Test7" time="5.507" errors="0" timestamp="2022-03-27T12:28:20 GMT+05:30">
  <testcase classname="runner.EmiCalculator" name="setUp" time="0.001"/>
  <testcase classname="runner.EmiCalculator" name="openNoDroker" time="1.546"/>
  <testcase classname="runner.EmiCalculator" name="emiFooterLink" time="1.775"/>
  <testcase classname="runner.EmiCalculator" name="loanAmount" time="0.211"/>
  <testcase classname="runner.EmiCalculator" name="rateOfInterest" time="0.167"/>
  <testcase classname="runner.EmiCalculator" name="loanTenure" time="0.169"/>
  <testcase classname="runner.EmiCalculator" name="output" time="0.154"/>
</testsuite> <!-- Test7 -->
