<?xml version="1.0" encoding="UTF-8"?>
<testng-results ignored="0" total="70" passed="70" failed="0" skipped="0">
  <reporter-output>
  </reporter-output>
  <suite started-at="2022-03-26T19:20:37 GMT+05:30" name="Suite" finished-at="2022-03-26T19:22:11 GMT+05:30" duration-ms="93323">
    <groups>
    </groups>
    <test started-at="2022-03-26T19:20:37 GMT+05:30" name="Test1" finished-at="2022-03-26T19:20:51 GMT+05:30" duration-ms="13450">
      <class name="runner.BuyPropertyArticle">
        <test-method is-config="true" signature="required()[pri:0, instance:runner.BuyPropertyArticle@611889f4]" started-at="2022-03-26T19:20:37 GMT+05:30" name="required" finished-at="2022-03-26T19:20:37 GMT+05:30" duration-ms="13" status="PASS">
          <reporter-output>
          </reporter-output>
        </test-method> <!-- required -->
        <test-method is-config="true" signature="driverSetUp(java.lang.String)[pri:0, instance:runner.BuyPropertyArticle@611889f4]" started-at="2022-03-26T19:20:37 GMT+05:30" name="driverSetUp" finished-at="2022-03-26T19:20:39 GMT+05:30" duration-ms="2237" status="PASS">
          <params>
            <param index="0">
              <value>
                <![CDATA[chrome]]>
              </value>
            </param>
          </params>
          <reporter-output>
          </reporter-output>
        </test-method> <!-- driverSetUp -->
        <test-method signature="setUp()[pri:0, instance:runner.BuyPropertyArticle@611889f4]" started-at="2022-03-26T19:20:39 GMT+05:30" name="setUp" finished-at="2022-03-26T19:20:39 GMT+05:30" duration-ms="24" status="PASS">
          <reporter-output>
          </reporter-output>
        </test-method> <!-- setUp -->
        <test-method signature="openNoDroker()[pri:1, instance:runner.BuyPropertyArticle@611889f4]" started-at="2022-03-26T19:20:40 GMT+05:30" name="openNoDroker" finished-at="2022-03-26T19:20:43 GMT+05:30" duration-ms="3253" status="PASS">
          <reporter-output>
          </reporter-output>
        </test-method> <!-- openNoDroker -->
        <test-method signature="selectSearchType()[pri:2, instance:runner.BuyPropertyArticle@611889f4]" started-at="2022-03-26T19:20:43 GMT+05:30" name="selectSearchType" finished-at="2022-03-26T19:20:43 GMT+05:30" duration-ms="639" status="PASS">
          <reporter-output>
          </reporter-output>
        </test-method> <!-- selectSearchType -->
        <test-method signature="selectCity()[pri:3, instance:runner.BuyPropertyArticle@611889f4]" started-at="2022-03-26T19:20:43 GMT+05:30" name="selectCity" finished-at="2022-03-26T19:20:44 GMT+05:30" duration-ms="307" status="PASS">
          <reporter-output>
          </reporter-output>
        </test-method> <!-- selectCity -->
        <test-method signature="optionFromDropDown()[pri:4, instance:runner.BuyPropertyArticle@611889f4]" started-at="2022-03-26T19:20:44 GMT+05:30" name="optionFromDropDown" finished-at="2022-03-26T19:20:45 GMT+05:30" duration-ms="818" status="PASS">
          <reporter-output>
          </reporter-output>
        </test-method> <!-- optionFromDropDown -->
        <test-method signature="selectLocalityAndSearch()[pri:5, instance:runner.BuyPropertyArticle@611889f4]" started-at="2022-03-26T19:20:45 GMT+05:30" name="selectLocalityAndSearch" finished-at="2022-03-26T19:20:47 GMT+05:30" duration-ms="2209" status="PASS">
          <reporter-output>
          </reporter-output>
        </test-method> <!-- selectLocalityAndSearch -->
        <test-method signature="clickArticle()[pri:7, instance:runner.BuyPropertyArticle@611889f4]" started-at="2022-03-26T19:20:47 GMT+05:30" name="clickArticle" finished-at="2022-03-26T19:20:48 GMT+05:30" duration-ms="1205" status="PASS">
          <reporter-output>
          </reporter-output>
        </test-method> <!-- clickArticle -->
        <test-method signature="seePhotos()[pri:8, instance:runner.BuyPropertyArticle@611889f4]" started-at="2022-03-26T19:20:48 GMT+05:30" name="seePhotos" finished-at="2022-03-26T19:20:49 GMT+05:30" duration-ms="1518" status="PASS">
          <reporter-output>
          </reporter-output>
        </test-method> <!-- seePhotos -->
        <test-method is-config="true" signature="driverExit()[pri:0, instance:runner.BuyPropertyArticle@611889f4]" started-at="2022-03-26T19:20:49 GMT+05:30" name="driverExit" finished-at="2022-03-26T19:20:51 GMT+05:30" duration-ms="1180" status="PASS">
          <reporter-output>
          </reporter-output>
        </test-method> <!-- driverExit -->
      </class> <!-- runner.BuyPropertyArticle -->
    </test> <!-- Test1 -->
    <test started-at="2022-03-26T19:20:51 GMT+05:30" name="Test2" finished-at="2022-03-26T19:21:00 GMT+05:30" duration-ms="9673">
      <class name="runner.BuyPropertyMap">
        <test-method is-config="true" signature="required()[pri:0, instance:runner.BuyPropertyMap@4dbb42b7]" started-at="2022-03-26T19:20:51 GMT+05:30" name="required" finished-at="2022-03-26T19:20:51 GMT+05:30" duration-ms="0" status="PASS">
          <reporter-output>
          </reporter-output>
        </test-method> <!-- required -->
        <test-method is-config="true" signature="driverSetUp(java.lang.String)[pri:0, instance:runner.BuyPropertyMap@4dbb42b7]" started-at="2022-03-26T19:20:51 GMT+05:30" name="driverSetUp" finished-at="2022-03-26T19:20:52 GMT+05:30" duration-ms="1378" status="PASS">
          <params>
            <param index="0">
              <value>
                <![CDATA[chrome]]>
              </value>
            </param>
          </params>
          <reporter-output>
          </reporter-output>
        </test-method> <!-- driverSetUp -->
        <test-method signature="setUp()[pri:0, instance:runner.BuyPropertyMap@4dbb42b7]" started-at="2022-03-26T19:20:52 GMT+05:30" name="setUp" finished-at="2022-03-26T19:20:52 GMT+05:30" duration-ms="1" status="PASS">
          <reporter-output>
          </reporter-output>
        </test-method> <!-- setUp -->
        <test-method signature="openNoDroker()[pri:1, instance:runner.BuyPropertyMap@4dbb42b7]" started-at="2022-03-26T19:20:52 GMT+05:30" name="openNoDroker" finished-at="2022-03-26T19:20:53 GMT+05:30" duration-ms="1431" status="PASS">
          <reporter-output>
          </reporter-output>
        </test-method> <!-- openNoDroker -->
        <test-method signature="selectSearchType()[pri:2, instance:runner.BuyPropertyMap@4dbb42b7]" started-at="2022-03-26T19:20:53 GMT+05:30" name="selectSearchType" finished-at="2022-03-26T19:20:54 GMT+05:30" duration-ms="563" status="PASS">
          <reporter-output>
          </reporter-output>
        </test-method> <!-- selectSearchType -->
        <test-method signature="selectCity()[pri:3, instance:runner.BuyPropertyMap@4dbb42b7]" started-at="2022-03-26T19:20:54 GMT+05:30" name="selectCity" finished-at="2022-03-26T19:20:54 GMT+05:30" duration-ms="377" status="PASS">
          <reporter-output>
          </reporter-output>
        </test-method> <!-- selectCity -->
        <test-method signature="optionFromDropDown()[pri:4, instance:runner.BuyPropertyMap@4dbb42b7]" started-at="2022-03-26T19:20:54 GMT+05:30" name="optionFromDropDown" finished-at="2022-03-26T19:20:55 GMT+05:30" duration-ms="646" status="PASS">
          <reporter-output>
          </reporter-output>
        </test-method> <!-- optionFromDropDown -->
        <test-method signature="selectLocalityAndSearch()[pri:5, instance:runner.BuyPropertyMap@4dbb42b7]" started-at="2022-03-26T19:20:55 GMT+05:30" name="selectLocalityAndSearch" finished-at="2022-03-26T19:20:57 GMT+05:30" duration-ms="2206" status="PASS">
          <reporter-output>
          </reporter-output>
        </test-method> <!-- selectLocalityAndSearch -->
        <test-method signature="swithMapAndZoom()[pri:7, instance:runner.BuyPropertyMap@4dbb42b7]" started-at="2022-03-26T19:20:57 GMT+05:30" name="swithMapAndZoom" finished-at="2022-03-26T19:21:00 GMT+05:30" duration-ms="2385" status="PASS">
          <reporter-output>
          </reporter-output>
        </test-method> <!-- swithMapAndZoom -->
        <test-method is-config="true" signature="driverExit()[pri:0, instance:runner.BuyPropertyMap@4dbb42b7]" started-at="2022-03-26T19:21:00 GMT+05:30" name="driverExit" finished-at="2022-03-26T19:21:00 GMT+05:30" duration-ms="678" status="PASS">
          <reporter-output>
          </reporter-output>
        </test-method> <!-- driverExit -->
      </class> <!-- runner.BuyPropertyMap -->
    </test> <!-- Test2 -->
    <test started-at="2022-03-26T19:21:00 GMT+05:30" name="Test3" finished-at="2022-03-26T19:21:13 GMT+05:30" duration-ms="12298">
      <class name="runner.RentMap">
        <test-method is-config="true" signature="required()[pri:0, instance:runner.RentMap@437da279]" started-at="2022-03-26T19:21:00 GMT+05:30" name="required" finished-at="2022-03-26T19:21:00 GMT+05:30" duration-ms="0" status="PASS">
          <reporter-output>
          </reporter-output>
        </test-method> <!-- required -->
        <test-method is-config="true" signature="driverSetUp(java.lang.String)[pri:0, instance:runner.RentMap@437da279]" started-at="2022-03-26T19:21:00 GMT+05:30" name="driverSetUp" finished-at="2022-03-26T19:21:01 GMT+05:30" duration-ms="1135" status="PASS">
          <params>
            <param index="0">
              <value>
                <![CDATA[chrome]]>
              </value>
            </param>
          </params>
          <reporter-output>
          </reporter-output>
        </test-method> <!-- driverSetUp -->
        <test-method signature="setUp()[pri:0, instance:runner.RentMap@437da279]" started-at="2022-03-26T19:21:01 GMT+05:30" name="setUp" finished-at="2022-03-26T19:21:01 GMT+05:30" duration-ms="0" status="PASS">
          <reporter-output>
          </reporter-output>
        </test-method> <!-- setUp -->
        <test-method signature="openNoDroker()[pri:1, instance:runner.RentMap@437da279]" started-at="2022-03-26T19:21:01 GMT+05:30" name="openNoDroker" finished-at="2022-03-26T19:21:03 GMT+05:30" duration-ms="1653" status="PASS">
          <reporter-output>
          </reporter-output>
        </test-method> <!-- openNoDroker -->
        <test-method signature="selectSearchType()[pri:2, instance:runner.RentMap@437da279]" started-at="2022-03-26T19:21:03 GMT+05:30" name="selectSearchType" finished-at="2022-03-26T19:21:04 GMT+05:30" duration-ms="981" status="PASS">
          <reporter-output>
          </reporter-output>
        </test-method> <!-- selectSearchType -->
        <test-method signature="selectCity()[pri:3, instance:runner.RentMap@437da279]" started-at="2022-03-26T19:21:04 GMT+05:30" name="selectCity" finished-at="2022-03-26T19:21:05 GMT+05:30" duration-ms="763" status="PASS">
          <reporter-output>
          </reporter-output>
        </test-method> <!-- selectCity -->
        <test-method signature="selectRentPropertyType()[pri:4, instance:runner.RentMap@437da279]" started-at="2022-03-26T19:21:05 GMT+05:30" name="selectRentPropertyType" finished-at="2022-03-26T19:21:05 GMT+05:30" duration-ms="111" status="PASS">
          <reporter-output>
          </reporter-output>
        </test-method> <!-- selectRentPropertyType -->
        <test-method signature="optionFromDropDown()[pri:5, instance:runner.RentMap@437da279]" started-at="2022-03-26T19:21:05 GMT+05:30" name="optionFromDropDown" finished-at="2022-03-26T19:21:06 GMT+05:30" duration-ms="764" status="PASS">
          <reporter-output>
          </reporter-output>
        </test-method> <!-- optionFromDropDown -->
        <test-method signature="selectLocalityAndSearch()[pri:6, instance:runner.RentMap@437da279]" started-at="2022-03-26T19:21:06 GMT+05:30" name="selectLocalityAndSearch" finished-at="2022-03-26T19:21:08 GMT+05:30" duration-ms="2386" status="PASS">
          <reporter-output>
          </reporter-output>
        </test-method> <!-- selectLocalityAndSearch -->
        <test-method signature="swithMapAndZoom()[pri:7, instance:runner.RentMap@437da279]" started-at="2022-03-26T19:21:08 GMT+05:30" name="swithMapAndZoom" finished-at="2022-03-26T19:21:12 GMT+05:30" duration-ms="3618" status="PASS">
          <reporter-output>
          </reporter-output>
        </test-method> <!-- swithMapAndZoom -->
        <test-method is-config="true" signature="driverExit()[pri:0, instance:runner.RentMap@437da279]" started-at="2022-03-26T19:21:12 GMT+05:30" name="driverExit" finished-at="2022-03-26T19:21:13 GMT+05:30" duration-ms="878" status="PASS">
          <reporter-output>
          </reporter-output>
        </test-method> <!-- driverExit -->
      </class> <!-- runner.RentMap -->
    </test> <!-- Test3 -->
    <test started-at="2022-03-26T19:21:13 GMT+05:30" name="Test4" finished-at="2022-03-26T19:21:24 GMT+05:30" duration-ms="11382">
      <class name="runner.RentArticle">
        <test-method is-config="true" signature="required()[pri:0, instance:runner.RentArticle@290222c1]" started-at="2022-03-26T19:21:13 GMT+05:30" name="required" finished-at="2022-03-26T19:21:13 GMT+05:30" duration-ms="0" status="PASS">
          <reporter-output>
          </reporter-output>
        </test-method> <!-- required -->
        <test-method is-config="true" signature="driverSetUp(java.lang.String)[pri:0, instance:runner.RentArticle@290222c1]" started-at="2022-03-26T19:21:13 GMT+05:30" name="driverSetUp" finished-at="2022-03-26T19:21:14 GMT+05:30" duration-ms="1230" status="PASS">
          <params>
            <param index="0">
              <value>
                <![CDATA[chrome]]>
              </value>
            </param>
          </params>
          <reporter-output>
          </reporter-output>
        </test-method> <!-- driverSetUp -->
        <test-method signature="setUp()[pri:0, instance:runner.RentArticle@290222c1]" started-at="2022-03-26T19:21:14 GMT+05:30" name="setUp" finished-at="2022-03-26T19:21:14 GMT+05:30" duration-ms="1" status="PASS">
          <reporter-output>
          </reporter-output>
        </test-method> <!-- setUp -->
        <test-method signature="openNoDroker()[pri:1, instance:runner.RentArticle@290222c1]" started-at="2022-03-26T19:21:14 GMT+05:30" name="openNoDroker" finished-at="2022-03-26T19:21:16 GMT+05:30" duration-ms="1744" status="PASS">
          <reporter-output>
          </reporter-output>
        </test-method> <!-- openNoDroker -->
        <test-method signature="selectSearchType()[pri:2, instance:runner.RentArticle@290222c1]" started-at="2022-03-26T19:21:16 GMT+05:30" name="selectSearchType" finished-at="2022-03-26T19:21:17 GMT+05:30" duration-ms="917" status="PASS">
          <reporter-output>
          </reporter-output>
        </test-method> <!-- selectSearchType -->
        <test-method signature="selectCity()[pri:3, instance:runner.RentArticle@290222c1]" started-at="2022-03-26T19:21:17 GMT+05:30" name="selectCity" finished-at="2022-03-26T19:21:17 GMT+05:30" duration-ms="262" status="PASS">
          <reporter-output>
          </reporter-output>
        </test-method> <!-- selectCity -->
        <test-method signature="selectRentPropertyType()[pri:4, instance:runner.RentArticle@290222c1]" started-at="2022-03-26T19:21:17 GMT+05:30" name="selectRentPropertyType" finished-at="2022-03-26T19:21:17 GMT+05:30" duration-ms="192" status="PASS">
          <reporter-output>
          </reporter-output>
        </test-method> <!-- selectRentPropertyType -->
        <test-method signature="optionFromDropDown()[pri:5, instance:runner.RentArticle@290222c1]" started-at="2022-03-26T19:21:17 GMT+05:30" name="optionFromDropDown" finished-at="2022-03-26T19:21:18 GMT+05:30" duration-ms="551" status="PASS">
          <reporter-output>
          </reporter-output>
        </test-method> <!-- optionFromDropDown -->
        <test-method signature="selectLocalityAndSearch()[pri:6, instance:runner.RentArticle@290222c1]" started-at="2022-03-26T19:21:18 GMT+05:30" name="selectLocalityAndSearch" finished-at="2022-03-26T19:21:20 GMT+05:30" duration-ms="2577" status="PASS">
          <reporter-output>
          </reporter-output>
        </test-method> <!-- selectLocalityAndSearch -->
        <test-method signature="clickArticle()[pri:7, instance:runner.RentArticle@290222c1]" started-at="2022-03-26T19:21:20 GMT+05:30" name="clickArticle" finished-at="2022-03-26T19:21:21 GMT+05:30" duration-ms="1301" status="PASS">
          <reporter-output>
          </reporter-output>
        </test-method> <!-- clickArticle -->
        <test-method signature="seePhotos()[pri:8, instance:runner.RentArticle@290222c1]" started-at="2022-03-26T19:21:21 GMT+05:30" name="seePhotos" finished-at="2022-03-26T19:21:23 GMT+05:30" duration-ms="2019" status="PASS">
          <reporter-output>
          </reporter-output>
        </test-method> <!-- seePhotos -->
        <test-method is-config="true" signature="driverExit()[pri:0, instance:runner.RentArticle@290222c1]" started-at="2022-03-26T19:21:23 GMT+05:30" name="driverExit" finished-at="2022-03-26T19:21:24 GMT+05:30" duration-ms="576" status="PASS">
          <reporter-output>
          </reporter-output>
        </test-method> <!-- driverExit -->
      </class> <!-- runner.RentArticle -->
    </test> <!-- Test4 -->
    <test started-at="2022-03-26T19:21:24 GMT+05:30" name="Test5" finished-at="2022-03-26T19:21:35 GMT+05:30" duration-ms="11238">
      <class name="runner.CommercialPropertyArticle">
        <test-method is-config="true" signature="required()[pri:0, instance:runner.CommercialPropertyArticle@82de64a]" started-at="2022-03-26T19:21:24 GMT+05:30" name="required" finished-at="2022-03-26T19:21:24 GMT+05:30" duration-ms="0" status="PASS">
          <reporter-output>
          </reporter-output>
        </test-method> <!-- required -->
        <test-method is-config="true" signature="driverSetUp(java.lang.String)[pri:0, instance:runner.CommercialPropertyArticle@82de64a]" started-at="2022-03-26T19:21:24 GMT+05:30" name="driverSetUp" finished-at="2022-03-26T19:21:25 GMT+05:30" duration-ms="1105" status="PASS">
          <params>
            <param index="0">
              <value>
                <![CDATA[chrome]]>
              </value>
            </param>
          </params>
          <reporter-output>
          </reporter-output>
        </test-method> <!-- driverSetUp -->
        <test-method signature="setUp()[pri:0, instance:runner.CommercialPropertyArticle@82de64a]" started-at="2022-03-26T19:21:25 GMT+05:30" name="setUp" finished-at="2022-03-26T19:21:25 GMT+05:30" duration-ms="1" status="PASS">
          <reporter-output>
          </reporter-output>
        </test-method> <!-- setUp -->
        <test-method signature="openNoDroker()[pri:1, instance:runner.CommercialPropertyArticle@82de64a]" started-at="2022-03-26T19:21:25 GMT+05:30" name="openNoDroker" finished-at="2022-03-26T19:21:27 GMT+05:30" duration-ms="1637" status="PASS">
          <reporter-output>
          </reporter-output>
        </test-method> <!-- openNoDroker -->
        <test-method signature="selectSearchType()[pri:2, instance:runner.CommercialPropertyArticle@82de64a]" started-at="2022-03-26T19:21:27 GMT+05:30" name="selectSearchType" finished-at="2022-03-26T19:21:28 GMT+05:30" duration-ms="732" status="PASS">
          <reporter-output>
          </reporter-output>
        </test-method> <!-- selectSearchType -->
        <test-method signature="selectCity()[pri:3, instance:runner.CommercialPropertyArticle@82de64a]" started-at="2022-03-26T19:21:28 GMT+05:30" name="selectCity" finished-at="2022-03-26T19:21:28 GMT+05:30" duration-ms="450" status="PASS">
          <reporter-output>
          </reporter-output>
        </test-method> <!-- selectCity -->
        <test-method signature="selectCommercialPropertyType()[pri:4, instance:runner.CommercialPropertyArticle@82de64a]" started-at="2022-03-26T19:21:28 GMT+05:30" name="selectCommercialPropertyType" finished-at="2022-03-26T19:21:28 GMT+05:30" duration-ms="111" status="PASS">
          <reporter-output>
          </reporter-output>
        </test-method> <!-- selectCommercialPropertyType -->
        <test-method signature="optionFromDropDown()[pri:5, instance:runner.CommercialPropertyArticle@82de64a]" started-at="2022-03-26T19:21:28 GMT+05:30" name="optionFromDropDown" finished-at="2022-03-26T19:21:28 GMT+05:30" duration-ms="381" status="PASS">
          <reporter-output>
          </reporter-output>
        </test-method> <!-- optionFromDropDown -->
        <test-method signature="selectLocalityAndSearch()[pri:6, instance:runner.CommercialPropertyArticle@82de64a]" started-at="2022-03-26T19:21:28 GMT+05:30" name="selectLocalityAndSearch" finished-at="2022-03-26T19:21:31 GMT+05:30" duration-ms="2468" status="PASS">
          <reporter-output>
          </reporter-output>
        </test-method> <!-- selectLocalityAndSearch -->
        <test-method signature="clickArticle()[pri:7, instance:runner.CommercialPropertyArticle@82de64a]" started-at="2022-03-26T19:21:31 GMT+05:30" name="clickArticle" finished-at="2022-03-26T19:21:32 GMT+05:30" duration-ms="1458" status="PASS">
          <reporter-output>
          </reporter-output>
        </test-method> <!-- clickArticle -->
        <test-method signature="seePhotos()[pri:8, instance:runner.CommercialPropertyArticle@82de64a]" started-at="2022-03-26T19:21:32 GMT+05:30" name="seePhotos" finished-at="2022-03-26T19:21:35 GMT+05:30" duration-ms="2209" status="PASS">
          <reporter-output>
          </reporter-output>
        </test-method> <!-- seePhotos -->
        <test-method is-config="true" signature="driverExit()[pri:0, instance:runner.CommercialPropertyArticle@82de64a]" started-at="2022-03-26T19:21:35 GMT+05:30" name="driverExit" finished-at="2022-03-26T19:21:35 GMT+05:30" duration-ms="680" status="PASS">
          <reporter-output>
          </reporter-output>
        </test-method> <!-- driverExit -->
      </class> <!-- runner.CommercialPropertyArticle -->
    </test> <!-- Test5 -->
    <test started-at="2022-03-26T19:21:35 GMT+05:30" name="Test6" finished-at="2022-03-26T19:21:45 GMT+05:30" duration-ms="10048">
      <class name="runner.CommercialPropertyMap">
        <test-method is-config="true" signature="required()[pri:0, instance:runner.CommercialPropertyMap@61001b64]" started-at="2022-03-26T19:21:35 GMT+05:30" name="required" finished-at="2022-03-26T19:21:35 GMT+05:30" duration-ms="0" status="PASS">
          <reporter-output>
          </reporter-output>
        </test-method> <!-- required -->
        <test-method is-config="true" signature="driverSetUp(java.lang.String)[pri:0, instance:runner.CommercialPropertyMap@61001b64]" started-at="2022-03-26T19:21:35 GMT+05:30" name="driverSetUp" finished-at="2022-03-26T19:21:36 GMT+05:30" duration-ms="1089" status="PASS">
          <params>
            <param index="0">
              <value>
                <![CDATA[chrome]]>
              </value>
            </param>
          </params>
          <reporter-output>
          </reporter-output>
        </test-method> <!-- driverSetUp -->
        <test-method signature="setUp()[pri:0, instance:runner.CommercialPropertyMap@61001b64]" started-at="2022-03-26T19:21:36 GMT+05:30" name="setUp" finished-at="2022-03-26T19:21:36 GMT+05:30" duration-ms="1" status="PASS">
          <reporter-output>
          </reporter-output>
        </test-method> <!-- setUp -->
        <test-method signature="openNoDroker()[pri:1, instance:runner.CommercialPropertyMap@61001b64]" started-at="2022-03-26T19:21:36 GMT+05:30" name="openNoDroker" finished-at="2022-03-26T19:21:38 GMT+05:30" duration-ms="1489" status="PASS">
          <reporter-output>
          </reporter-output>
        </test-method> <!-- openNoDroker -->
        <test-method signature="selectSearchType()[pri:2, instance:runner.CommercialPropertyMap@61001b64]" started-at="2022-03-26T19:21:38 GMT+05:30" name="selectSearchType" finished-at="2022-03-26T19:21:38 GMT+05:30" duration-ms="594" status="PASS">
          <reporter-output>
          </reporter-output>
        </test-method> <!-- selectSearchType -->
        <test-method signature="selectCity()[pri:3, instance:runner.CommercialPropertyMap@61001b64]" started-at="2022-03-26T19:21:38 GMT+05:30" name="selectCity" finished-at="2022-03-26T19:21:39 GMT+05:30" duration-ms="797" status="PASS">
          <reporter-output>
          </reporter-output>
        </test-method> <!-- selectCity -->
        <test-method signature="selectCommercialPropertyType()[pri:4, instance:runner.CommercialPropertyMap@61001b64]" started-at="2022-03-26T19:21:39 GMT+05:30" name="selectCommercialPropertyType" finished-at="2022-03-26T19:21:39 GMT+05:30" duration-ms="119" status="PASS">
          <reporter-output>
          </reporter-output>
        </test-method> <!-- selectCommercialPropertyType -->
        <test-method signature="optionFromDropDown()[pri:5, instance:runner.CommercialPropertyMap@61001b64]" started-at="2022-03-26T19:21:39 GMT+05:30" name="optionFromDropDown" finished-at="2022-03-26T19:21:40 GMT+05:30" duration-ms="324" status="PASS">
          <reporter-output>
          </reporter-output>
        </test-method> <!-- optionFromDropDown -->
        <test-method signature="selectLocalityAndSearch()[pri:6, instance:runner.CommercialPropertyMap@61001b64]" started-at="2022-03-26T19:21:40 GMT+05:30" name="selectLocalityAndSearch" finished-at="2022-03-26T19:21:42 GMT+05:30" duration-ms="2123" status="PASS">
          <reporter-output>
          </reporter-output>
        </test-method> <!-- selectLocalityAndSearch -->
        <test-method signature="swithMapAndZoom()[pri:7, instance:runner.CommercialPropertyMap@61001b64]" started-at="2022-03-26T19:21:42 GMT+05:30" name="swithMapAndZoom" finished-at="2022-03-26T19:21:45 GMT+05:30" duration-ms="2938" status="PASS">
          <reporter-output>
          </reporter-output>
        </test-method> <!-- swithMapAndZoom -->
        <test-method is-config="true" signature="driverExit()[pri:0, instance:runner.CommercialPropertyMap@61001b64]" started-at="2022-03-26T19:21:45 GMT+05:30" name="driverExit" finished-at="2022-03-26T19:21:45 GMT+05:30" duration-ms="567" status="PASS">
          <reporter-output>
          </reporter-output>
        </test-method> <!-- driverExit -->
      </class> <!-- runner.CommercialPropertyMap -->
    </test> <!-- Test6 -->
    <test started-at="2022-03-26T19:21:45 GMT+05:30" name="Test7" finished-at="2022-03-26T19:21:51 GMT+05:30" duration-ms="5980">
      <class name="runner.EmiCalculator">
        <test-method is-config="true" signature="required()[pri:0, instance:runner.EmiCalculator@4659191b]" started-at="2022-03-26T19:21:45 GMT+05:30" name="required" finished-at="2022-03-26T19:21:45 GMT+05:30" duration-ms="0" status="PASS">
          <reporter-output>
          </reporter-output>
        </test-method> <!-- required -->
        <test-method is-config="true" signature="driverSetUp(java.lang.String)[pri:0, instance:runner.EmiCalculator@4659191b]" started-at="2022-03-26T19:21:45 GMT+05:30" name="driverSetUp" finished-at="2022-03-26T19:21:46 GMT+05:30" duration-ms="1028" status="PASS">
          <params>
            <param index="0">
              <value>
                <![CDATA[chrome]]>
              </value>
            </param>
          </params>
          <reporter-output>
          </reporter-output>
        </test-method> <!-- driverSetUp -->
        <test-method signature="setUp()[pri:0, instance:runner.EmiCalculator@4659191b]" started-at="2022-03-26T19:21:46 GMT+05:30" name="setUp" finished-at="2022-03-26T19:21:46 GMT+05:30" duration-ms="3" status="PASS">
          <reporter-output>
          </reporter-output>
        </test-method> <!-- setUp -->
        <test-method signature="openNoDroker()[pri:1, instance:runner.EmiCalculator@4659191b]" started-at="2022-03-26T19:21:46 GMT+05:30" name="openNoDroker" finished-at="2022-03-26T19:21:48 GMT+05:30" duration-ms="1578" status="PASS">
          <reporter-output>
          </reporter-output>
        </test-method> <!-- openNoDroker -->
        <test-method signature="emiFooterLink()[pri:2, instance:runner.EmiCalculator@4659191b]" started-at="2022-03-26T19:21:48 GMT+05:30" name="emiFooterLink" finished-at="2022-03-26T19:21:50 GMT+05:30" duration-ms="2006" status="PASS">
          <reporter-output>
          </reporter-output>
        </test-method> <!-- emiFooterLink -->
        <test-method signature="loanAmount()[pri:3, instance:runner.EmiCalculator@4659191b]" started-at="2022-03-26T19:21:50 GMT+05:30" name="loanAmount" finished-at="2022-03-26T19:21:50 GMT+05:30" duration-ms="291" status="PASS">
          <reporter-output>
          </reporter-output>
        </test-method> <!-- loanAmount -->
        <test-method signature="rateOfInterest()[pri:4, instance:runner.EmiCalculator@4659191b]" started-at="2022-03-26T19:21:50 GMT+05:30" name="rateOfInterest" finished-at="2022-03-26T19:21:50 GMT+05:30" duration-ms="182" status="PASS">
          <reporter-output>
          </reporter-output>
        </test-method> <!-- rateOfInterest -->
        <test-method signature="loanTenure()[pri:5, instance:runner.EmiCalculator@4659191b]" started-at="2022-03-26T19:21:50 GMT+05:30" name="loanTenure" finished-at="2022-03-26T19:21:51 GMT+05:30" duration-ms="204" status="PASS">
          <reporter-output>
          </reporter-output>
        </test-method> <!-- loanTenure -->
        <test-method signature="output()[pri:6, instance:runner.EmiCalculator@4659191b]" started-at="2022-03-26T19:21:51 GMT+05:30" name="output" finished-at="2022-03-26T19:21:51 GMT+05:30" duration-ms="171" status="PASS">
          <reporter-output>
          </reporter-output>
        </test-method> <!-- output -->
        <test-method is-config="true" signature="driverExit()[pri:0, instance:runner.EmiCalculator@4659191b]" started-at="2022-03-26T19:21:51 GMT+05:30" name="driverExit" finished-at="2022-03-26T19:21:51 GMT+05:30" duration-ms="509" status="PASS">
          <reporter-output>
          </reporter-output>
        </test-method> <!-- driverExit -->
      </class> <!-- runner.EmiCalculator -->
    </test> <!-- Test7 -->
    <test started-at="2022-03-26T19:21:51 GMT+05:30" name="Test8" finished-at="2022-03-26T19:21:58 GMT+05:30" duration-ms="6383">
      <class name="runner.AboutUs">
        <test-method is-config="true" signature="required()[pri:0, instance:runner.AboutUs@29215f06]" started-at="2022-03-26T19:21:51 GMT+05:30" name="required" finished-at="2022-03-26T19:21:51 GMT+05:30" duration-ms="0" status="PASS">
          <reporter-output>
          </reporter-output>
        </test-method> <!-- required -->
        <test-method is-config="true" signature="driverSetUp(java.lang.String)[pri:0, instance:runner.AboutUs@29215f06]" started-at="2022-03-26T19:21:51 GMT+05:30" name="driverSetUp" finished-at="2022-03-26T19:21:52 GMT+05:30" duration-ms="1090" status="PASS">
          <params>
            <param index="0">
              <value>
                <![CDATA[chrome]]>
              </value>
            </param>
          </params>
          <reporter-output>
          </reporter-output>
        </test-method> <!-- driverSetUp -->
        <test-method signature="setUp()[pri:0, instance:runner.AboutUs@29215f06]" started-at="2022-03-26T19:21:52 GMT+05:30" name="setUp" finished-at="2022-03-26T19:21:52 GMT+05:30" duration-ms="1" status="PASS">
          <reporter-output>
          </reporter-output>
        </test-method> <!-- setUp -->
        <test-method signature="openNoDroker()[pri:1, instance:runner.AboutUs@29215f06]" started-at="2022-03-26T19:21:52 GMT+05:30" name="openNoDroker" finished-at="2022-03-26T19:21:54 GMT+05:30" duration-ms="1469" status="PASS">
          <reporter-output>
          </reporter-output>
        </test-method> <!-- openNoDroker -->
        <test-method signature="clickAboutUs()[pri:2, instance:runner.AboutUs@29215f06]" started-at="2022-03-26T19:21:54 GMT+05:30" name="clickAboutUs" finished-at="2022-03-26T19:21:55 GMT+05:30" duration-ms="1230" status="PASS">
          <reporter-output>
          </reporter-output>
        </test-method> <!-- clickAboutUs -->
        <test-method signature="OpenHomeLoan()[pri:3, instance:runner.AboutUs@29215f06]" started-at="2022-03-26T19:21:55 GMT+05:30" name="OpenHomeLoan" finished-at="2022-03-26T19:21:57 GMT+05:30" duration-ms="2212" status="PASS">
          <reporter-output>
          </reporter-output>
        </test-method> <!-- OpenHomeLoan -->
        <test-method is-config="true" signature="driverExit()[pri:0, instance:runner.AboutUs@29215f06]" started-at="2022-03-26T19:21:57 GMT+05:30" name="driverExit" finished-at="2022-03-26T19:21:58 GMT+05:30" duration-ms="376" status="PASS">
          <reporter-output>
          </reporter-output>
        </test-method> <!-- driverExit -->
      </class> <!-- runner.AboutUs -->
    </test> <!-- Test8 -->
    <test started-at="2022-03-26T19:21:58 GMT+05:30" name="Test9" finished-at="2022-03-26T19:22:03 GMT+05:30" duration-ms="4909">
      <class name="runner.Wallet">
        <test-method is-config="true" signature="required()[pri:0, instance:runner.Wallet@7d4f9aae]" started-at="2022-03-26T19:21:58 GMT+05:30" name="required" finished-at="2022-03-26T19:21:58 GMT+05:30" duration-ms="0" status="PASS">
          <reporter-output>
          </reporter-output>
        </test-method> <!-- required -->
        <test-method is-config="true" signature="driverSetUp(java.lang.String)[pri:0, instance:runner.Wallet@7d4f9aae]" started-at="2022-03-26T19:21:58 GMT+05:30" name="driverSetUp" finished-at="2022-03-26T19:21:59 GMT+05:30" duration-ms="1136" status="PASS">
          <params>
            <param index="0">
              <value>
                <![CDATA[chrome]]>
              </value>
            </param>
          </params>
          <reporter-output>
          </reporter-output>
        </test-method> <!-- driverSetUp -->
        <test-method signature="setUp()[pri:0, instance:runner.Wallet@7d4f9aae]" started-at="2022-03-26T19:21:59 GMT+05:30" name="setUp" finished-at="2022-03-26T19:21:59 GMT+05:30" duration-ms="2" status="PASS">
          <reporter-output>
          </reporter-output>
        </test-method> <!-- setUp -->
        <test-method signature="openNoDroker()[pri:1, instance:runner.Wallet@7d4f9aae]" started-at="2022-03-26T19:21:59 GMT+05:30" name="openNoDroker" finished-at="2022-03-26T19:22:01 GMT+05:30" duration-ms="1660" status="PASS">
          <reporter-output>
          </reporter-output>
        </test-method> <!-- openNoDroker -->
        <test-method signature="openMenu()[pri:2, instance:runner.Wallet@7d4f9aae]" started-at="2022-03-26T19:22:01 GMT+05:30" name="openMenu" finished-at="2022-03-26T19:22:01 GMT+05:30" duration-ms="197" status="PASS">
          <reporter-output>
          </reporter-output>
        </test-method> <!-- openMenu -->
        <test-method signature="openWallet()[pri:3, instance:runner.Wallet@7d4f9aae]" started-at="2022-03-26T19:22:01 GMT+05:30" name="openWallet" finished-at="2022-03-26T19:22:02 GMT+05:30" duration-ms="1151" status="PASS">
          <reporter-output>
          </reporter-output>
        </test-method> <!-- openWallet -->
        <test-method signature="joinClub()[pri:4, instance:runner.Wallet@7d4f9aae]" started-at="2022-03-26T19:22:02 GMT+05:30" name="joinClub" finished-at="2022-03-26T19:22:02 GMT+05:30" duration-ms="452" status="PASS">
          <reporter-output>
          </reporter-output>
        </test-method> <!-- joinClub -->
        <test-method is-config="true" signature="driverExit()[pri:0, instance:runner.Wallet@7d4f9aae]" started-at="2022-03-26T19:22:02 GMT+05:30" name="driverExit" finished-at="2022-03-26T19:22:03 GMT+05:30" duration-ms="306" status="PASS">
          <reporter-output>
          </reporter-output>
        </test-method> <!-- driverExit -->
      </class> <!-- runner.Wallet -->
    </test> <!-- Test9 -->
    <test started-at="2022-03-26T19:22:03 GMT+05:30" name="Test10" finished-at="2022-03-26T19:22:11 GMT+05:30" duration-ms="7880">
      <class name="runner.Interior">
        <test-method is-config="true" signature="required()[pri:0, instance:runner.Interior@783a467b]" started-at="2022-03-26T19:22:03 GMT+05:30" name="required" finished-at="2022-03-26T19:22:03 GMT+05:30" duration-ms="0" status="PASS">
          <reporter-output>
          </reporter-output>
        </test-method> <!-- required -->
        <test-method is-config="true" signature="driverSetUp(java.lang.String)[pri:0, instance:runner.Interior@783a467b]" started-at="2022-03-26T19:22:03 GMT+05:30" name="driverSetUp" finished-at="2022-03-26T19:22:04 GMT+05:30" duration-ms="1109" status="PASS">
          <params>
            <param index="0">
              <value>
                <![CDATA[chrome]]>
              </value>
            </param>
          </params>
          <reporter-output>
          </reporter-output>
        </test-method> <!-- driverSetUp -->
        <test-method signature="setUp()[pri:0, instance:runner.Interior@783a467b]" started-at="2022-03-26T19:22:04 GMT+05:30" name="setUp" finished-at="2022-03-26T19:22:04 GMT+05:30" duration-ms="1" status="PASS">
          <reporter-output>
          </reporter-output>
        </test-method> <!-- setUp -->
        <test-method signature="openNoDroker()[pri:1, instance:runner.Interior@783a467b]" started-at="2022-03-26T19:22:04 GMT+05:30" name="openNoDroker" finished-at="2022-03-26T19:22:05 GMT+05:30" duration-ms="1476" status="PASS">
          <reporter-output>
          </reporter-output>
        </test-method> <!-- openNoDroker -->
        <test-method signature="openMenu()[pri:2, instance:runner.Interior@783a467b]" started-at="2022-03-26T19:22:05 GMT+05:30" name="openMenu" finished-at="2022-03-26T19:22:05 GMT+05:30" duration-ms="196" status="PASS">
          <reporter-output>
          </reporter-output>
        </test-method> <!-- openMenu -->
        <test-method signature="openInterior()[pri:3, instance:runner.Interior@783a467b]" started-at="2022-03-26T19:22:05 GMT+05:30" name="openInterior" finished-at="2022-03-26T19:22:07 GMT+05:30" duration-ms="2036" status="PASS">
          <reporter-output>
          </reporter-output>
        </test-method> <!-- openInterior -->
        <test-method signature="seeRoomPhotos()[pri:4, instance:runner.Interior@783a467b]" started-at="2022-03-26T19:22:07 GMT+05:30" name="seeRoomPhotos" finished-at="2022-03-26T19:22:09 GMT+05:30" duration-ms="1714" status="PASS">
          <reporter-output>
          </reporter-output>
        </test-method> <!-- seeRoomPhotos -->
        <test-method is-config="true" signature="driverExit()[pri:0, instance:runner.Interior@783a467b]" started-at="2022-03-26T19:22:09 GMT+05:30" name="driverExit" finished-at="2022-03-26T19:22:11 GMT+05:30" duration-ms="1345" status="PASS">
          <reporter-output>
          </reporter-output>
        </test-method> <!-- driverExit -->
      </class> <!-- runner.Interior -->
    </test> <!-- Test10 -->
  </suite> <!-- Suite -->
</testng-results>
