<?xml version="1.0" encoding="UTF-8"?>
<testsuite xmlns:xsi="http://www.w3.org/2001/XMLSchema-instance" xsi:noNamespaceSchemaLocation="https://maven.apache.org/surefire/maven-surefire-plugin/xsd/surefire-test-report-3.0.xsd" version="3.0" name="TestSuite" time="103.066" tests="80" errors="0" skipped="0" failures="0">
  <properties>
[...]
</properties>
  <testcase name="setUp" classname="runner.BuyPropertyArticle" time="0.004">
    <system-err><![CDATA[SLF4J: Failed to load class "org.slf4j.impl.StaticLoggerBinder".
SLF4J: Defaulting to no-operation (NOP) logger implementation
SLF4J: See http://www.slf4j.org/codes.html#StaticLoggerBinder for further details.
Starting ChromeDriver 98.0.4758.80 (7f0488e8ba0d8e019187c6325a16c29d9b7f4989-refs/branch-heads/4758@{#972}) on port 11522
Only local connections are allowed.
Please see https://chromedriver.chromium.org/security-considerations for suggestions on keeping ChromeDriver safe.
ChromeDriver was started successfully.
[1648364229.234][WARNING]: This version of ChromeDriver has not been tested with Chrome version 99.
Mar 27, 2022 12:27:09 PM org.openqa.selenium.remote.ProtocolHandshake createSession
INFO: Detected dialect: W3C
log4j:WARN No such property [maxBackupIndex] in org.apache.log4j.DailyRollingFileAppender.
log4j:WARN No such property [maxFileSize] in org.apache.log4j.DailyRollingFileAppender.
log4j:ERROR Could not find value for key log4j.appender.DEBUG
log4j:ERROR Could not instantiate appender named "DEBUG".
]]></system-err>
  </testcase>
  <testcase name="openNoDroker" classname="runner.BuyPropertyArticle" time="3.041">
    <system-out><![CDATA[2022-03-27 12:27:09 INFO  BuyPropertyArticle:19 - Open NoBroker
2022-03-27 12:27:11 INFO  BuyPropertyArticle:19 - NoBroker as opened
]]></system-out>
    <system-err><![CDATA[log4j:ERROR Failed to rename [./Logs/nobroker.log] to [./Logs/nobroker.log.2022-03-26 19:47:36].
ERROR StatusLogger Log4j2 could not find a logging implementation. Please add log4j-core to the classpath. Using SimpleLogger to log to the console...
]]></system-err>
  </testcase>
  <testcase name="selectSearchType" classname="runner.BuyPropertyArticle" time="0.572">
    <system-out><![CDATA[2022-03-27 12:27:12 INFO  HomePage:19 - Clicking on buy option
2022-03-27 12:27:13 INFO  HomePage:19 - buy is selected
]]></system-out>
  </testcase>
  <testcase name="selectCity" classname="runner.BuyPropertyArticle" time="0.617">
    <system-out><![CDATA[2022-03-27 12:27:13 INFO  HomePage:19 - Clicking on city dropdown and selecting Mumbai
2022-03-27 12:27:13 INFO  HomePage:19 - Mumbai selected
]]></system-out>
  </testcase>
  <testcase name="optionFromDropDown" classname="runner.BuyPropertyArticle" time="0.672">
    <system-out><![CDATA[2022-03-27 12:27:13 INFO  HomePage:19 - Clicking on dropdown and selecting 1 BHK
2022-03-27 12:27:14 INFO  HomePage:19 - 1 BHK is selected
2022-03-27 12:27:14 INFO  HomePage:19 - Clicking on dropdown and selecting Ready
2022-03-27 12:27:14 INFO  HomePage:19 - Ready is selected
]]></system-out>
  </testcase>
  <testcase name="selectLocalityAndSearch" classname="runner.BuyPropertyArticle" time="2.051">
    <system-out><![CDATA[2022-03-27 12:27:14 INFO  HomePage:19 - Typing Colaba, Mumbai, Maharashtra, India in search bar and clicking on search button
2022-03-27 12:27:16 INFO  HomePage:19 - Property list page is  opened
]]></system-out>
  </testcase>
  <testcase name="clickArticle" classname="runner.BuyPropertyArticle" time="1.515">
    <system-out><![CDATA[2022-03-27 12:27:16 INFO  HomePage:19 - Clicking on a property artical
2022-03-27 12:27:18 INFO  HomePage:19 - Property article opened in another page
]]></system-out>
  </testcase>
  <testcase name="seePhotos" classname="runner.BuyPropertyArticle" time="1.636">
    <system-out><![CDATA[2022-03-27 12:27:18 INFO  HomePage:19 - Clicking on photos
2022-03-27 12:27:19 INFO  HomePage:19 - Photo Lighbox of the property has opened
]]></system-out>
  </testcase>
  <testcase name="setUp" classname="runner.BuyPropertyMap" time="0">
    <system-err><![CDATA[Starting ChromeDriver 98.0.4758.80 (7f0488e8ba0d8e019187c6325a16c29d9b7f4989-refs/branch-heads/4758@{#972}) on port 43292
Only local connections are allowed.
Please see https://chromedriver.chromium.org/security-considerations for suggestions on keeping ChromeDriver safe.
ChromeDriver was started successfully.
[1648364242.383][WARNING]: This version of ChromeDriver has not been tested with Chrome version 99.
Mar 27, 2022 12:27:22 PM org.openqa.selenium.remote.ProtocolHandshake createSession
INFO: Detected dialect: W3C
]]></system-err>
  </testcase>
  <testcase name="openNoDroker" classname="runner.BuyPropertyMap" time="1.921">
    <system-out><![CDATA[2022-03-27 12:27:22 INFO  BuyPropertyMap:19 - Open NoBroker
2022-03-27 12:27:24 INFO  BuyPropertyMap:19 - NoBroker as opened
]]></system-out>
  </testcase>
  <testcase name="selectSearchType" classname="runner.BuyPropertyMap" time="0.551">
    <system-out><![CDATA[2022-03-27 12:27:24 INFO  HomePage:19 - Clicking on buy option
2022-03-27 12:27:25 INFO  HomePage:19 - buy is selected
]]></system-out>
  </testcase>
  <testcase name="selectCity" classname="runner.BuyPropertyMap" time="0.525">
    <system-out><![CDATA[2022-03-27 12:27:25 INFO  HomePage:19 - Clicking on city dropdown and selecting Mumbai
2022-03-27 12:27:25 INFO  HomePage:19 - Mumbai selected
]]></system-out>
  </testcase>
  <testcase name="optionFromDropDown" classname="runner.BuyPropertyMap" time="0.698">
    <system-out><![CDATA[2022-03-27 12:27:25 INFO  HomePage:19 - Clicking on dropdown and selecting 1 BHK
2022-03-27 12:27:25 INFO  HomePage:19 - 1 BHK is selected
2022-03-27 12:27:25 INFO  HomePage:19 - Clicking on dropdown and selecting Ready
2022-03-27 12:27:26 INFO  HomePage:19 - Ready is selected
]]></system-out>
  </testcase>
  <testcase name="selectLocalityAndSearch" classname="runner.BuyPropertyMap" time="1.87">
    <system-out><![CDATA[2022-03-27 12:27:26 INFO  HomePage:19 - Typing Colaba, Mumbai, Maharashtra, India in search bar and clicking on search button
2022-03-27 12:27:28 INFO  HomePage:19 - Property list page is  opened
]]></system-out>
  </testcase>
  <testcase name="swithMapAndZoom" classname="runner.BuyPropertyMap" time="3.115">
    <system-out><![CDATA[2022-03-27 12:27:28 INFO  HomePage:19 - Clicking on map display
2022-03-27 12:27:29 INFO  HomePage:19 - map is selected
2022-03-27 12:27:29 INFO  HomePage:19 - Clicking on fullscreen button on the map
2022-03-27 12:27:31 INFO  HomePage:19 - Map has opened in fullscreen
]]></system-out>
  </testcase>
  <testcase name="setUp" classname="runner.RentMap" time="0">
    <system-err><![CDATA[Starting ChromeDriver 98.0.4758.80 (7f0488e8ba0d8e019187c6325a16c29d9b7f4989-refs/branch-heads/4758@{#972}) on port 32675
Only local connections are allowed.
Please see https://chromedriver.chromium.org/security-considerations for suggestions on keeping ChromeDriver safe.
ChromeDriver was started successfully.
[1648364252.770][WARNING]: This version of ChromeDriver has not been tested with Chrome version 99.
Mar 27, 2022 12:27:32 PM org.openqa.selenium.remote.ProtocolHandshake createSession
INFO: Detected dialect: W3C
]]></system-err>
  </testcase>
  <testcase name="openNoDroker" classname="runner.RentMap" time="1.576">
    <system-out><![CDATA[2022-03-27 12:27:32 INFO  RentMap:19 - Open NoBroker
2022-03-27 12:27:34 INFO  RentMap:19 - NoBroker as opened
]]></system-out>
  </testcase>
  <testcase name="selectSearchType" classname="runner.RentMap" time="0.759">
    <system-out><![CDATA[2022-03-27 12:27:34 INFO  HomePage:19 - Clicking on rent option
2022-03-27 12:27:35 INFO  HomePage:19 - rent is selected
]]></system-out>
  </testcase>
  <testcase name="selectCity" classname="runner.RentMap" time="0.413">
    <system-out><![CDATA[2022-03-27 12:27:35 INFO  HomePage:19 - Clicking on city dropdown and selecting Bangalore
2022-03-27 12:27:35 INFO  HomePage:19 - Bangalore selected
]]></system-out>
  </testcase>
  <testcase name="selectRentPropertyType" classname="runner.RentMap" time="0.197">
    <system-out><![CDATA[2022-03-27 12:27:35 INFO  HomePage:19 - Clicking on full house option
2022-03-27 12:27:35 INFO  HomePage:19 - full house is selected
]]></system-out>
  </testcase>
  <testcase name="optionFromDropDown" classname="runner.RentMap" time="0.606">
    <system-out><![CDATA[2022-03-27 12:27:35 INFO  HomePage:19 - Clicking on dropdown and selecting 1 RK
2022-03-27 12:27:36 INFO  HomePage:19 - 1 RK is selected
2022-03-27 12:27:36 INFO  HomePage:19 - Clicking on dropdown and selecting Immediate
2022-03-27 12:27:36 INFO  HomePage:19 - Immediate is selected
]]></system-out>
  </testcase>
  <testcase name="selectLocalityAndSearch" classname="runner.RentMap" time="2.697">
    <system-out><![CDATA[2022-03-27 12:27:36 INFO  HomePage:19 - Typing Basavanagudi, Bengaluru, Karnataka, India in search bar and clicking on search button
2022-03-27 12:27:39 INFO  HomePage:19 - Property list page is  opened
]]></system-out>
  </testcase>
  <testcase name="swithMapAndZoom" classname="runner.RentMap" time="3.267">
    <system-out><![CDATA[2022-03-27 12:27:39 INFO  HomePage:19 - Clicking on map display
2022-03-27 12:27:41 INFO  HomePage:19 - map is selected
2022-03-27 12:27:41 INFO  HomePage:19 - Clicking on fullscreen button on the map
2022-03-27 12:27:42 INFO  HomePage:19 - Map has opened in fullscreen
]]></system-out>
  </testcase>
  <testcase name="setUp" classname="runner.RentArticle" time="0">
    <system-err><![CDATA[Starting ChromeDriver 98.0.4758.80 (7f0488e8ba0d8e019187c6325a16c29d9b7f4989-refs/branch-heads/4758@{#972}) on port 48011
Only local connections are allowed.
Please see https://chromedriver.chromium.org/security-considerations for suggestions on keeping ChromeDriver safe.
ChromeDriver was started successfully.
[1648364263.888][WARNING]: This version of ChromeDriver has not been tested with Chrome version 99.
Mar 27, 2022 12:27:43 PM org.openqa.selenium.remote.ProtocolHandshake createSession
INFO: Detected dialect: W3C
]]></system-err>
  </testcase>
  <testcase name="openNoDroker" classname="runner.RentArticle" time="1.382">
    <system-out><![CDATA[2022-03-27 12:27:44 INFO  RentArticle:19 - Open NoBroker
2022-03-27 12:27:45 INFO  RentArticle:19 - NoBroker as opened
]]></system-out>
  </testcase>
  <testcase name="selectSearchType" classname="runner.RentArticle" time="0.698">
    <system-out><![CDATA[2022-03-27 12:27:45 INFO  HomePage:19 - Clicking on rent option
2022-03-27 12:27:46 INFO  HomePage:19 - rent is selected
]]></system-out>
  </testcase>
  <testcase name="selectCity" classname="runner.RentArticle" time="0.456">
    <system-out><![CDATA[2022-03-27 12:27:46 INFO  HomePage:19 - Clicking on city dropdown and selecting Bangalore
2022-03-27 12:27:46 INFO  HomePage:19 - Bangalore selected
]]></system-out>
  </testcase>
  <testcase name="selectRentPropertyType" classname="runner.RentArticle" time="0.123">
    <system-out><![CDATA[2022-03-27 12:27:46 INFO  HomePage:19 - Clicking on full house option
2022-03-27 12:27:46 INFO  HomePage:19 - full house is selected
]]></system-out>
  </testcase>
  <testcase name="optionFromDropDown" classname="runner.RentArticle" time="0.712">
    <system-out><![CDATA[2022-03-27 12:27:46 INFO  HomePage:19 - Clicking on dropdown and selecting 1 RK
2022-03-27 12:27:47 INFO  HomePage:19 - 1 RK is selected
2022-03-27 12:27:47 INFO  HomePage:19 - Clicking on dropdown and selecting Immediate
2022-03-27 12:27:47 INFO  HomePage:19 - Immediate is selected
]]></system-out>
  </testcase>
  <testcase name="selectLocalityAndSearch" classname="runner.RentArticle" time="2.555">
    <system-out><![CDATA[2022-03-27 12:27:47 INFO  HomePage:19 - Typing Basavanagudi, Bengaluru, Karnataka, India in search bar and clicking on search button
2022-03-27 12:27:49 INFO  HomePage:19 - Property list page is  opened
]]></system-out>
  </testcase>
  <testcase name="clickArticle" classname="runner.RentArticle" time="1.915">
    <system-out><![CDATA[2022-03-27 12:27:49 INFO  HomePage:19 - Clicking on a property artical
2022-03-27 12:27:51 INFO  HomePage:19 - Property article opened in another page
]]></system-out>
  </testcase>
  <testcase name="seePhotos" classname="runner.RentArticle" time="1.043">
    <system-out><![CDATA[2022-03-27 12:27:51 INFO  HomePage:19 - Clicking on photos
2022-03-27 12:27:52 INFO  HomePage:19 - Photo Lighbox of the property has opened
]]></system-out>
  </testcase>
  <testcase name="setUp" classname="runner.CommercialPropertyArticle" time="0">
    <system-err><![CDATA[Starting ChromeDriver 98.0.4758.80 (7f0488e8ba0d8e019187c6325a16c29d9b7f4989-refs/branch-heads/4758@{#972}) on port 25017
Only local connections are allowed.
Please see https://chromedriver.chromium.org/security-considerations for suggestions on keeping ChromeDriver safe.
ChromeDriver was started successfully.
[1648364274.537][WARNING]: This version of ChromeDriver has not been tested with Chrome version 99.
Mar 27, 2022 12:27:54 PM org.openqa.selenium.remote.ProtocolHandshake createSession
INFO: Detected dialect: W3C
]]></system-err>
  </testcase>
  <testcase name="openNoDroker" classname="runner.CommercialPropertyArticle" time="1.586">
    <system-out><![CDATA[2022-03-27 12:27:54 INFO  CommercialPropertyArticle:19 - Open NoBroker
2022-03-27 12:27:56 INFO  CommercialPropertyArticle:19 - NoBroker as opened
]]></system-out>
  </testcase>
  <testcase name="selectSearchType" classname="runner.CommercialPropertyArticle" time="0.695">
    <system-out><![CDATA[2022-03-27 12:27:56 INFO  HomePage:19 - Clicking on commercial option
2022-03-27 12:27:56 INFO  HomePage:19 - commercial is selected
]]></system-out>
  </testcase>
  <testcase name="selectCity" classname="runner.CommercialPropertyArticle" time="0.518">
    <system-out><![CDATA[2022-03-27 12:27:56 INFO  HomePage:19 - Clicking on city dropdown and selecting Pune
2022-03-27 12:27:57 INFO  HomePage:19 - Pune selected
]]></system-out>
  </testcase>
  <testcase name="selectCommercialPropertyType" classname="runner.CommercialPropertyArticle" time="0.115">
    <system-out><![CDATA[2022-03-27 12:27:57 INFO  HomePage:19 - Clicking on rent option
2022-03-27 12:27:57 INFO  HomePage:19 - rent is selected
]]></system-out>
  </testcase>
  <testcase name="optionFromDropDown" classname="runner.CommercialPropertyArticle" time="0.454">
    <system-out><![CDATA[2022-03-27 12:27:57 INFO  HomePage:19 - Clicking on dropdown and selecting Office Space
2022-03-27 12:27:58 INFO  HomePage:19 - Office Space is selected
]]></system-out>
  </testcase>
  <testcase name="selectLocalityAndSearch" classname="runner.CommercialPropertyArticle" time="1.944">
    <system-out><![CDATA[2022-03-27 12:27:58 INFO  HomePage:19 - Typing Kothrud, Pune, Maharashtra, India in search bar and clicking on search button
2022-03-27 12:28:00 INFO  HomePage:19 - Property list page is  opened
]]></system-out>
    <system-err><![CDATA[log4j:ERROR Failed to rename [./Logs/nobroker.log] to [./Logs/nobroker.log.2022-03-27 12:27:09].
]]></system-err>
  </testcase>
  <testcase name="clickArticle" classname="runner.CommercialPropertyArticle" time="1.722">
    <system-out><![CDATA[2022-03-27 12:28:00 INFO  HomePage:19 - Clicking on a property artical
2022-03-27 12:28:01 INFO  HomePage:19 - Property article opened in another page
]]></system-out>
  </testcase>
  <testcase name="seePhotos" classname="runner.CommercialPropertyArticle" time="1.848">
    <system-out><![CDATA[2022-03-27 12:28:01 INFO  HomePage:19 - Clicking on photos
2022-03-27 12:28:03 INFO  HomePage:19 - Photo Lighbox of the property has opened
]]></system-out>
  </testcase>
  <testcase name="setUp" classname="runner.CommercialPropertyMap" time="0">
    <system-err><![CDATA[Starting ChromeDriver 98.0.4758.80 (7f0488e8ba0d8e019187c6325a16c29d9b7f4989-refs/branch-heads/4758@{#972}) on port 18370
Only local connections are allowed.
Please see https://chromedriver.chromium.org/security-considerations for suggestions on keeping ChromeDriver safe.
ChromeDriver was started successfully.
[1648364284.995][WARNING]: This version of ChromeDriver has not been tested with Chrome version 99.
Mar 27, 2022 12:28:05 PM org.openqa.selenium.remote.ProtocolHandshake createSession
INFO: Detected dialect: W3C
]]></system-err>
  </testcase>
  <testcase name="openNoDroker" classname="runner.CommercialPropertyMap" time="1.493">
    <system-out><![CDATA[2022-03-27 12:28:05 INFO  CommercialPropertyMap:19 - Open NoBroker
2022-03-27 12:28:06 INFO  CommercialPropertyMap:19 - NoBroker as opened
]]></system-out>
  </testcase>
  <testcase name="selectSearchType" classname="runner.CommercialPropertyMap" time="0.737">
    <system-out><![CDATA[2022-03-27 12:28:06 INFO  HomePage:19 - Clicking on commercial option
2022-03-27 12:28:07 INFO  HomePage:19 - commercial is selected
]]></system-out>
  </testcase>
  <testcase name="selectCity" classname="runner.CommercialPropertyMap" time="0.531">
    <system-out><![CDATA[2022-03-27 12:28:07 INFO  HomePage:19 - Clicking on city dropdown and selecting Pune
2022-03-27 12:28:07 INFO  HomePage:19 - Pune selected
]]></system-out>
  </testcase>
  <testcase name="selectCommercialPropertyType" classname="runner.CommercialPropertyMap" time="0.195">
    <system-out><![CDATA[2022-03-27 12:28:07 INFO  HomePage:19 - Clicking on rent option
2022-03-27 12:28:08 INFO  HomePage:19 - rent is selected
]]></system-out>
  </testcase>
  <testcase name="optionFromDropDown" classname="runner.CommercialPropertyMap" time="0.408">
    <system-out><![CDATA[2022-03-27 12:28:08 INFO  HomePage:19 - Clicking on dropdown and selecting Office Space
2022-03-27 12:28:08 INFO  HomePage:19 - Office Space is selected
]]></system-out>
  </testcase>
  <testcase name="selectLocalityAndSearch" classname="runner.CommercialPropertyMap" time="2.428">
    <system-out><![CDATA[2022-03-27 12:28:08 INFO  HomePage:19 - Typing Kothrud, Pune, Maharashtra, India in search bar and clicking on search button
2022-03-27 12:28:10 INFO  HomePage:19 - Property list page is  opened
]]></system-out>
  </testcase>
  <testcase name="swithMapAndZoom" classname="runner.CommercialPropertyMap" time="3.136">
    <system-out><![CDATA[2022-03-27 12:28:10 INFO  HomePage:19 - Clicking on map display
2022-03-27 12:28:13 INFO  HomePage:19 - map is selected
2022-03-27 12:28:13 INFO  HomePage:19 - Clicking on fullscreen button on the map
2022-03-27 12:28:14 INFO  HomePage:19 - Map has opened in fullscreen
]]></system-out>
  </testcase>
  <testcase name="setUp" classname="runner.EmiCalculator" time="0">
    <system-err><![CDATA[Starting ChromeDriver 98.0.4758.80 (7f0488e8ba0d8e019187c6325a16c29d9b7f4989-refs/branch-heads/4758@{#972}) on port 4867
Only local connections are allowed.
Please see https://chromedriver.chromium.org/security-considerations for suggestions on keeping ChromeDriver safe.
ChromeDriver was started successfully.
[1648364295.586][WARNING]: This version of ChromeDriver has not been tested with Chrome version 99.
Mar 27, 2022 12:28:15 PM org.openqa.selenium.remote.ProtocolHandshake createSession
INFO: Detected dialect: W3C
]]></system-err>
  </testcase>
  <testcase name="openNoDroker" classname="runner.EmiCalculator" time="1.546">
    <system-out><![CDATA[2022-03-27 12:28:15 INFO  EmiCalculator:19 - Open NoBroker
2022-03-27 12:28:17 INFO  EmiCalculator:19 - NoBroker as opened
]]></system-out>
  </testcase>
  <testcase name="emiFooterLink" classname="runner.EmiCalculator" time="1.775">
    <system-out><![CDATA[2022-03-27 12:28:17 INFO  Footer:19 - Clicking on emi calculator
2022-03-27 12:28:19 INFO  Footer:19 - Emi calculator page has opened
]]></system-out>
  </testcase>
  <testcase name="loanAmount" classname="runner.EmiCalculator" time="0.212">
    <system-out><![CDATA[2054500  sdjhskjfhskfjh
2022-03-27 12:28:19 INFO  HomePage:19 - Entering 2054500 loan amount
]]></system-out>
  </testcase>
  <testcase name="rateOfInterest" classname="runner.EmiCalculator" time="0.168">
    <system-out><![CDATA[2022-03-27 12:28:19 INFO  HomePage:19 - Entering 10 rate of interest
]]></system-out>
  </testcase>
  <testcase name="loanTenure" classname="runner.EmiCalculator" time="0.17">
    <system-out><![CDATA[2022-03-27 12:28:19 INFO  HomePage:19 - Entering 30 loan tenure
]]></system-out>
  </testcase>
  <testcase name="output" classname="runner.EmiCalculator" time="0.154">
    <system-out><![CDATA[2022-03-27 12:28:19 INFO  HomePage:19 - Emi is calculated
]]></system-out>
  </testcase>
  <testcase name="setUp" classname="runner.AboutUs" time="0">
    <system-err><![CDATA[Starting ChromeDriver 98.0.4758.80 (7f0488e8ba0d8e019187c6325a16c29d9b7f4989-refs/branch-heads/4758@{#972}) on port 43177
Only local connections are allowed.
Please see https://chromedriver.chromium.org/security-considerations for suggestions on keeping ChromeDriver safe.
ChromeDriver was started successfully.
[1648364301.053][WARNING]: This version of ChromeDriver has not been tested with Chrome version 99.
Mar 27, 2022 12:28:21 PM org.openqa.selenium.remote.ProtocolHandshake createSession
INFO: Detected dialect: W3C
]]></system-err>
  </testcase>
  <testcase name="openNoDroker" classname="runner.AboutUs" time="1.697">
    <system-out><![CDATA[2022-03-27 12:28:21 INFO  AboutUs:19 - Open NoBroker
2022-03-27 12:28:22 INFO  AboutUs:19 - NoBroker as opened
]]></system-out>
  </testcase>
  <testcase name="clickAboutUs" classname="runner.AboutUs" time="1.194">
    <system-out><![CDATA[2022-03-27 12:28:22 INFO  Footer:19 - Clicking on About Us
2022-03-27 12:28:24 INFO  Footer:19 - About Us page has opened
]]></system-out>
  </testcase>
  <testcase name="OpenHomeLoan" classname="runner.AboutUs" time="2.228">
    <system-out><![CDATA[2022-03-27 12:28:24 INFO  Footer:19 - Clicking On Home Loan
2022-03-27 12:28:26 ERROR Footer:23 - Home Loan didn't open
]]></system-out>
  </testcase>
  <testcase name="setUp" classname="runner.Wallet" time="0">
    <system-err><![CDATA[Starting ChromeDriver 98.0.4758.80 (7f0488e8ba0d8e019187c6325a16c29d9b7f4989-refs/branch-heads/4758@{#972}) on port 48901
Only local connections are allowed.
Please see https://chromedriver.chromium.org/security-considerations for suggestions on keeping ChromeDriver safe.
ChromeDriver was started successfully.
[1648364307.680][WARNING]: This version of ChromeDriver has not been tested with Chrome version 99.
Mar 27, 2022 12:28:27 PM org.openqa.selenium.remote.ProtocolHandshake createSession
INFO: Detected dialect: W3C
]]></system-err>
  </testcase>
  <testcase name="openNoDroker" classname="runner.Wallet" time="1.546">
    <system-out><![CDATA[2022-03-27 12:28:28 INFO  AboutUs:19 - Open NoBroker
2022-03-27 12:28:29 INFO  AboutUs:19 - NoBroker as opened
]]></system-out>
  </testcase>
  <testcase name="openMenu" classname="runner.Wallet" time="0.17">
    <system-out><![CDATA[2022-03-27 12:28:29 INFO  HomePage:19 - Clicking on Hamburger menu
2022-03-27 12:28:29 INFO  HomePage:19 - Menu is open
]]></system-out>
  </testcase>
  <testcase name="openWallet" classname="runner.Wallet" time="1.072">
    <system-out><![CDATA[2022-03-27 12:28:29 INFO  HomePage:19 - Clicking on NBcash and wallet summary
2022-03-27 12:28:30 INFO  HomePage:19 - Wallet Summary page has opened
]]></system-out>
  </testcase>
  <testcase name="joinClub" classname="runner.Wallet" time="0.402">
    <system-out><![CDATA[2022-03-27 12:28:30 INFO  HomePage:19 - Cliking on Join club
2022-03-27 12:28:31 INFO  HomePage:19 - Wallet club page has opened
]]></system-out>
  </testcase>
  <testcase name="setUp" classname="runner.Interior" time="0">
    <system-err><![CDATA[Starting ChromeDriver 98.0.4758.80 (7f0488e8ba0d8e019187c6325a16c29d9b7f4989-refs/branch-heads/4758@{#972}) on port 38136
Only local connections are allowed.
Please see https://chromedriver.chromium.org/security-considerations for suggestions on keeping ChromeDriver safe.
ChromeDriver was started successfully.
[1648364312.266][WARNING]: This version of ChromeDriver has not been tested with Chrome version 99.
Mar 27, 2022 12:28:32 PM org.openqa.selenium.remote.ProtocolHandshake createSession
INFO: Detected dialect: W3C
]]></system-err>
  </testcase>
  <testcase name="openNoDroker" classname="runner.Interior" time="1.693">
    <system-out><![CDATA[2022-03-27 12:28:32 INFO  AboutUs:19 - Open NoBroker
2022-03-27 12:28:34 INFO  AboutUs:19 - NoBroker as opened
]]></system-out>
  </testcase>
  <testcase name="openMenu" classname="runner.Interior" time="0.187">
    <system-out><![CDATA[2022-03-27 12:28:34 INFO  HomePage:19 - Clicking on Hamburger menu
2022-03-27 12:28:34 INFO  HomePage:19 - Menu is open
]]></system-out>
  </testcase>
  <testcase name="openInterior" classname="runner.Interior" time="1.863">
    <system-out><![CDATA[2022-03-27 12:28:34 INFO  HomePage:19 - Clicking on Home Services and Interiors
2022-03-27 12:28:36 INFO  HomePage:19 - Interiors page has opened
]]></system-out>
  </testcase>
  <testcase name="seeRoomPhotos" classname="runner.Interior" time="1.624">
    <system-out><![CDATA[2022-03-27 12:28:36 INFO  HomePage:19 - Clicking on Rooms to see photos
2022-03-27 12:28:37 INFO  HomePage:19 - Room photos are displayed
]]></system-out>
  </testcase>
  <testcase name="setUp" classname="runner.ValidLogin" time="0">
    <system-err><![CDATA[Starting ChromeDriver 98.0.4758.80 (7f0488e8ba0d8e019187c6325a16c29d9b7f4989-refs/branch-heads/4758@{#972}) on port 45701
Only local connections are allowed.
Please see https://chromedriver.chromium.org/security-considerations for suggestions on keeping ChromeDriver safe.
ChromeDriver was started successfully.
[1648364319.130][WARNING]: This version of ChromeDriver has not been tested with Chrome version 99.
Mar 27, 2022 12:28:39 PM org.openqa.selenium.remote.ProtocolHandshake createSession
INFO: Detected dialect: W3C
]]></system-err>
  </testcase>
  <testcase name="openNoDroker" classname="runner.ValidLogin" time="1.475">
    <system-out><![CDATA[2022-03-27 12:28:39 INFO  ValidLogin:19 - Open NoBroker
2022-03-27 12:28:40 INFO  ValidLogin:19 - NoBroker as opened
]]></system-out>
  </testcase>
  <testcase name="clickLogin" classname="runner.ValidLogin" time="0.541">
    <system-out><![CDATA[2022-03-27 12:28:40 INFO  HomePage:19 - Clicking on Login Button
2022-03-27 12:28:41 INFO  HomePage:19 - Login form is displayed
]]></system-out>
  </testcase>
  <testcase name="enterNumber" classname="runner.ValidLogin" time="1.063">
    <system-out><![CDATA[2022-03-27 12:28:41 INFO  HomePage:19 - Enter phone number
2022-03-27 12:28:42 INFO  HomePage:19 - field are displayed after clicking password
]]></system-out>
  </testcase>
  <testcase name="enterPassAndLogin" classname="runner.ValidLogin" time="1.098">
    <system-out><![CDATA[2022-03-27 12:28:42 INFO  HomePage:19 - Entering valid password and clicking continue
2022-03-27 12:28:43 INFO  HomePage:19 - Login is successfull
]]></system-out>
  </testcase>
  <testcase name="setUp" classname="runner.InvalidLogin" time="0">
    <system-err><![CDATA[Starting ChromeDriver 98.0.4758.80 (7f0488e8ba0d8e019187c6325a16c29d9b7f4989-refs/branch-heads/4758@{#972}) on port 40393
Only local connections are allowed.
Please see https://chromedriver.chromium.org/security-considerations for suggestions on keeping ChromeDriver safe.
ChromeDriver was started successfully.
[1648364324.871][WARNING]: This version of ChromeDriver has not been tested with Chrome version 99.
Mar 27, 2022 12:28:44 PM org.openqa.selenium.remote.ProtocolHandshake createSession
INFO: Detected dialect: W3C
]]></system-err>
  </testcase>
  <testcase name="openNoDroker" classname="runner.InvalidLogin" time="1.481">
    <system-out><![CDATA[2022-03-27 12:28:45 INFO  ValidLogin:19 - Open NoBroker
2022-03-27 12:28:46 INFO  ValidLogin:19 - NoBroker as opened
]]></system-out>
  </testcase>
  <testcase name="clickLogin" classname="runner.InvalidLogin" time="0.702">
    <system-out><![CDATA[2022-03-27 12:28:46 INFO  HomePage:19 - Clicking on Login Button
2022-03-27 12:28:47 INFO  HomePage:19 - Login form is displayed
]]></system-out>
  </testcase>
  <testcase name="enterNumber" classname="runner.InvalidLogin" time="0.925">
    <system-out><![CDATA[2022-03-27 12:28:47 INFO  HomePage:19 - Enter phone number
2022-03-27 12:28:48 INFO  HomePage:19 - field are displayed after clicking password
]]></system-out>
  </testcase>
  <testcase name="enterPassAndLogin" classname="runner.InvalidLogin" time="0.917">
    <system-out><![CDATA[2022-03-27 12:28:48 INFO  HomePage:19 - Entering Invalid password and clicking continue
2022-03-27 12:28:49 INFO  HomePage:19 - Invalid Password is displayed
]]></system-out>
  </testcase>
</testsuite>