<?xml version="1.0" encoding="UTF-8"?>
<testng-results ignored="0" total="5" passed="5" failed="0" skipped="0">
  <reporter-output>
  </reporter-output>
  <suite started-at="2022-03-26T10:54:00 GMT+05:30" name="Suite" finished-at="2022-03-26T10:54:06 GMT+05:30" duration-ms="6518">
    <groups>
    </groups>
    <test started-at="2022-03-26T10:54:00 GMT+05:30" name="Test1" finished-at="2022-03-26T10:54:06 GMT+05:30" duration-ms="6518">
      <class name="runner.Wallet">
        <test-method is-config="true" signature="required()[pri:0, instance:runner.Wallet@611889f4]" started-at="2022-03-26T10:54:00 GMT+05:30" name="required" finished-at="2022-03-26T10:54:00 GMT+05:30" duration-ms="12" status="PASS">
          <reporter-output>
          </reporter-output>
        </test-method> <!-- required -->
        <test-method is-config="true" signature="driverSetUp(java.lang.String)[pri:0, instance:runner.Wallet@611889f4]" started-at="2022-03-26T10:54:00 GMT+05:30" name="driverSetUp" finished-at="2022-03-26T10:54:02 GMT+05:30" duration-ms="2159" status="PASS">
          <params>
            <param index="0">
              <value>
                <![CDATA[chrome]]>
              </value>
            </param>
          </params>
          <reporter-output>
          </reporter-output>
        </test-method> <!-- driverSetUp -->
        <test-method signature="setUp()[pri:0, instance:runner.Wallet@611889f4]" started-at="2022-03-26T10:54:02 GMT+05:30" name="setUp" finished-at="2022-03-26T10:54:02 GMT+05:30" duration-ms="8" status="PASS">
          <reporter-output>
          </reporter-output>
        </test-method> <!-- setUp -->
        <test-method signature="openNoDroker()[pri:1, instance:runner.Wallet@611889f4]" started-at="2022-03-26T10:54:02 GMT+05:30" name="openNoDroker" finished-at="2022-03-26T10:54:04 GMT+05:30" duration-ms="1815" status="PASS">
          <reporter-output>
          </reporter-output>
        </test-method> <!-- openNoDroker -->
        <test-method signature="openMenu()[pri:2, instance:runner.Wallet@611889f4]" started-at="2022-03-26T10:54:04 GMT+05:30" name="openMenu" finished-at="2022-03-26T10:54:04 GMT+05:30" duration-ms="234" status="PASS">
          <reporter-output>
          </reporter-output>
        </test-method> <!-- openMenu -->
        <test-method signature="openWallet()[pri:3, instance:runner.Wallet@611889f4]" started-at="2022-03-26T10:54:04 GMT+05:30" name="openWallet" finished-at="2022-03-26T10:54:05 GMT+05:30" duration-ms="1037" status="PASS">
          <reporter-output>
          </reporter-output>
        </test-method> <!-- openWallet -->
        <test-method signature="joinClub()[pri:4, instance:runner.Wallet@611889f4]" started-at="2022-03-26T10:54:05 GMT+05:30" name="joinClub" finished-at="2022-03-26T10:54:05 GMT+05:30" duration-ms="424" status="PASS">
          <reporter-output>
          </reporter-output>
        </test-method> <!-- joinClub -->
        <test-method is-config="true" signature="driverExit()[pri:0, instance:runner.Wallet@611889f4]" started-at="2022-03-26T10:54:05 GMT+05:30" name="driverExit" finished-at="2022-03-26T10:54:06 GMT+05:30" duration-ms="771" status="PASS">
          <reporter-output>
          </reporter-output>
        </test-method> <!-- driverExit -->
      </class> <!-- runner.Wallet -->
    </test> <!-- Test1 -->
  </suite> <!-- Suite -->
</testng-results>
